[debug] [2023-11-09T10:49:47.797Z] ----------------------------------------------------------------------
[debug] [2023-11-09T10:49:47.809Z] Command:       C:\Program Files\nodejs\node.exe C:\Users\HP\AppData\Roaming\npm\node_modules\firebase-tools\lib\bin\firebase.js init
[debug] [2023-11-09T10:49:47.812Z] CLI Version:   11.20.0
[debug] [2023-11-09T10:49:47.813Z] Platform:      win32
[debug] [2023-11-09T10:49:47.813Z] Node Version:  v18.13.0
[debug] [2023-11-09T10:49:47.821Z] Time:          Thu Nov 09 2023 11:49:47 GMT+0100 (West Africa Standard Time)
[debug] [2023-11-09T10:49:47.822Z] ----------------------------------------------------------------------
[debug] 
[debug] [2023-11-09T10:49:47.907Z] >>> [apiv2][query] GET https://firebase-public.firebaseio.com/cli.json [none]
[debug] [2023-11-09T10:49:48.591Z] > command requires scopes: ["email","openid","https://www.googleapis.com/auth/cloudplatformprojects.readonly","https://www.googleapis.com/auth/firebase","https://www.googleapis.com/auth/cloud-platform"]
[debug] [2023-11-09T10:49:48.592Z] > authorizing via signed-in user (victoroluwadarasimi16@gmail.com)
[info] 
     ######## #### ########  ######## ########     ###     ######  ########
     ##        ##  ##     ## ##       ##     ##  ##   ##  ##       ##
     ######    ##  ########  ######   ########  #########  ######  ######
     ##        ##  ##    ##  ##       ##     ## ##     ##       ## ##
     ##       #### ##     ## ######## ########  ##     ##  ######  ########

You're about to initialize a Firebase project in this directory:

  C:\Users\HP\Desktop\House Market Place\house-market-place

[debug] [2023-11-09T10:49:53.856Z] <<< [apiv2][status] GET https://firebase-public.firebaseio.com/cli.json 200
[debug] [2023-11-09T10:49:53.857Z] <<< [apiv2][body] GET https://firebase-public.firebaseio.com/cli.json {"cloudBuildErrorAfter":1594252800000,"cloudBuildWarnAfter":1590019200000,"defaultNode10After":1594252800000,"minVersion":"3.0.5","node8DeploysDisabledAfter":1613390400000,"node8RuntimeDisabledAfter":1615809600000,"node8WarnAfter":1600128000000}
